2025-07-14 18:31:02.091 | INFO     | __main__:main:16 - Starting data processing...
2025-07-14 18:31:02.502 | INFO     | __main__:main:28 - Loaded and merged raw datasets.
2025-07-14 18:31:03.633 | INFO     | __main__:main:54 - Cleaned and structured data.
2025-07-14 18:31:47.527 | INFO     | __main__:main:16 - Starting data processing...
2025-07-14 18:31:47.938 | INFO     | __main__:main:28 - Loaded and merged raw datasets.
2025-07-14 18:31:49.060 | INFO     | __main__:main:54 - Cleaned and structured data.
2025-07-14 18:31:49.174 | INFO     | __main__:main:72 - Inflation-adjusted prices calculated.
2025-07-14 18:31:51.284 | SUCCESS  | __main__:main:76 - Dataset saved to: /Users/Edward/Documents/GitHub/sg-flat-resale/data/processed/ResaleFlatPrices-Processed.csv
2025-07-14 23:14:45.476 | INFO     | __main__:main:17 - Starting data processing...
2025-07-14 23:14:45.864 | INFO     | __main__:main:29 - Loaded and merged raw datasets.
2025-07-14 23:14:47.176 | INFO     | __main__:main:56 - Cleaned and structured data.
2025-07-14 23:14:47.284 | INFO     | __main__:main:74 - Inflation-adjusted prices calculated.
2025-07-14 23:14:50.642 | INFO     | __main__:main:123 - Merged geospatial data.
2025-07-14 23:14:53.810 | SUCCESS  | __main__:main:127 - Dataset saved to: /Users/Edward/Documents/GitHub/sg-flat-resale/data/processed/ResaleFlatPrices-Processed.csv
2025-07-14 23:54:31.556 | INFO     | __main__:main:17 - Starting data processing...
2025-07-14 23:54:31.976 | INFO     | __main__:main:29 - Loaded and merged raw datasets.
2025-07-14 23:54:33.280 | INFO     | __main__:main:55 - Cleaned and structured data.
2025-07-14 23:54:33.373 | INFO     | __main__:main:73 - Inflation-adjusted prices calculated.
2025-07-14 23:54:36.825 | INFO     | __main__:main:125 - Merged geospatial data.
2025-07-14 23:54:57.475 | INFO     | __main__:main:17 - Starting data processing...
2025-07-14 23:54:57.847 | INFO     | __main__:main:29 - Loaded and merged raw datasets.
2025-07-14 23:54:59.138 | INFO     | __main__:main:55 - Cleaned and structured data.
2025-07-14 23:54:59.233 | INFO     | __main__:main:73 - Inflation-adjusted prices calculated.
2025-07-14 23:55:02.776 | INFO     | __main__:main:125 - Merged geospatial data.
2025-07-14 23:55:27.401 | INFO     | __main__:main:17 - Starting data processing...
2025-07-14 23:55:27.771 | INFO     | __main__:main:29 - Loaded and merged raw datasets.
2025-07-14 23:55:29.058 | INFO     | __main__:main:55 - Cleaned and structured data.
2025-07-14 23:55:29.147 | INFO     | __main__:main:73 - Inflation-adjusted prices calculated.
2025-07-14 23:55:32.662 | INFO     | __main__:main:125 - Merged geospatial data.
2025-07-14 23:56:37.070 | INFO     | __main__:main:17 - Starting data processing...
2025-07-14 23:56:37.460 | INFO     | __main__:main:29 - Loaded and merged raw datasets.
2025-07-14 23:56:38.809 | INFO     | __main__:main:55 - Cleaned and structured data.
2025-07-14 23:56:38.903 | INFO     | __main__:main:73 - Inflation-adjusted prices calculated.
2025-07-14 23:56:42.310 | INFO     | __main__:main:122 - Added planning area data.
2025-07-14 23:56:44.578 | SUCCESS  | __main__:main:126 - Dataset saved to: /Users/Edward/Documents/GitHub/sg-flat-resale/data/processed/ResaleFlatPrices-Processed.feather
2025-07-14 23:57:30.765 | INFO     | __main__:main:17 - Starting data processing...
2025-07-14 23:57:31.205 | INFO     | __main__:main:29 - Loaded and merged raw datasets.
2025-07-14 23:57:32.570 | INFO     | __main__:main:55 - Cleaned and structured data.
2025-07-14 23:57:32.669 | INFO     | __main__:main:73 - Inflation-adjusted prices calculated.
2025-07-14 23:57:35.997 | INFO     | __main__:main:122 - Added planning area data.
2025-07-14 23:57:38.288 | SUCCESS  | __main__:main:126 - Dataset saved to: /Users/Edward/Documents/GitHub/sg-flat-resale/data/processed/ResaleFlatPrices-Processed.csv
